<?xml version="1.0" encoding="UTF-8"?>
<testsuite xmlns:xsi="http://www.w3.org/2001/XMLSchema-instance" xsi:noNamespaceSchemaLocation="https://maven.apache.org/surefire/maven-surefire-plugin/xsd/surefire-test-report.xsd" name="es.ulpgc.ConditionTest" time="0.568" tests="2" errors="0" skipped="0" failures="0">
  <properties>
[...]
</properties>
  <testcase name="conditionWorkingWithIntegersShouldAnswerWithFalse" classname="es.ulpgc.ConditionTest" time="0.567"/>
  <testcase name="conditionWorkingWithIntegersShouldAnswerWithTrue" classname="es.ulpgc.ConditionTest" time="0.001"/>
</testsuite>